Started Cron Job
Exception in fetching blogs
HTTPSConnectionPool(host='codeverse-chronicles.onrender.com', port=443): Max retries exceeded with url: /get-all-blogs?pageNumber=0&pageSize=100 (Caused by NameResolutionError("<urllib3.connection.HTTPSConnection object at 0x7f97cc0f2ae0>: Failed to resolve 'codeverse-chronicles.onrender.com' ([Errno -3] Temporary failure in name resolution)"))
sent all emails
Started Cron Job
2025-10-02 21:00:04.502947 ✅ Email sent successfully! to ganapavarapuanusha@gmail.com
2025-10-02 21:00:09.704214 ✅ Email sent successfully! to ihere5053@gmail.com
2025-10-02 21:00:15.129027 ✅ Email sent successfully! to jayaaditya2003@gmail.com
2025-10-02 21:00:20.048095 ✅ Email sent successfully! to uma83857@gmail.com
2025-10-02 21:00:25.893802 ✅ Email sent successfully! to prudvinathch@gmail.com
2025-10-02 21:00:31.116024 ✅ Email sent successfully! to ravillaleelasai6642@gmail.com
2025-10-02 21:00:36.227125 ✅ Email sent successfully! to garabhargav@gmail.com
2025-10-02 21:00:41.356161 ✅ Email sent successfully! to sasidharreddyyennam@gmail.com
2025-10-02 21:00:46.268112 ✅ Email sent successfully! to venkatsatavahana@gmail.com
2025-10-02 21:00:50.870172 ✅ Email sent successfully! to suryareddy89143@gmail.com
2025-10-02 21:00:55.796907 ✅ Email sent successfully! to vpk9611@gmail.com
2025-10-02 21:01:00.592709 ✅ Email sent successfully! to debralloyd.51665@gmail.com
sent all emails
Started Cron Job
2025-10-03 21:00:02.022352 ✅ Email sent successfully! to ganapavarapuanusha@gmail.com
2025-10-03 21:00:07.165531 ✅ Email sent successfully! to ihere5053@gmail.com
2025-10-03 21:00:11.976013 ✅ Email sent successfully! to jayaaditya2003@gmail.com
2025-10-03 21:00:17.209791 ✅ Email sent successfully! to uma83857@gmail.com
2025-10-03 21:00:21.938648 ✅ Email sent successfully! to prudvinathch@gmail.com
2025-10-03 21:00:26.954785 ✅ Email sent successfully! to ravillaleelasai6642@gmail.com
2025-10-03 21:00:31.934574 ✅ Email sent successfully! to garabhargav@gmail.com
2025-10-03 21:00:36.952208 ✅ Email sent successfully! to sasidharreddyyennam@gmail.com
2025-10-03 21:00:41.891546 ✅ Email sent successfully! to venkatsatavahana@gmail.com
2025-10-03 21:00:46.915683 ✅ Email sent successfully! to suryareddy89143@gmail.com
2025-10-03 21:00:51.615266 ✅ Email sent successfully! to vpk9611@gmail.com
2025-10-03 21:00:56.540425 ✅ Email sent successfully! to debralloyd.51665@gmail.com
sent all emails
Started Cron Job
2025-10-04 21:02:25.732943 ✅ Email sent successfully! to ganapavarapuanusha@gmail.com
2025-10-04 21:02:31.092253 ✅ Email sent successfully! to ihere5053@gmail.com
2025-10-04 21:02:35.793475 ✅ Email sent successfully! to jayaaditya2003@gmail.com
2025-10-04 21:02:40.814315 ✅ Email sent successfully! to uma83857@gmail.com
2025-10-04 21:02:45.593767 ✅ Email sent successfully! to prudvinathch@gmail.com
2025-10-04 21:02:50.466999 ✅ Email sent successfully! to ravillaleelasai6642@gmail.com
Exception while sending email to garabhargav@gmail.com
Connection unexpectedly closed
2025-10-04 21:19:33.256047 ✅ Email sent successfully! to sasidharreddyyennam@gmail.com
2025-10-04 21:19:38.365112 ✅ Email sent successfully! to venkatsatavahana@gmail.com
2025-10-04 21:19:43.381304 ✅ Email sent successfully! to suryareddy89143@gmail.com
2025-10-04 21:19:48.320182 ✅ Email sent successfully! to vpk9611@gmail.com
2025-10-04 21:19:53.291789 ✅ Email sent successfully! to debralloyd.51665@gmail.com
sent all emails
Started Cron Job
2025-10-05 21:01:38.089911 ✅ Email sent successfully! to ganapavarapuanusha@gmail.com
2025-10-05 21:01:43.087464 ✅ Email sent successfully! to ihere5053@gmail.com
2025-10-05 21:01:48.918060 ✅ Email sent successfully! to jayaaditya2003@gmail.com
2025-10-05 21:01:54.863180 ✅ Email sent successfully! to uma83857@gmail.com
2025-10-05 21:02:00.547107 ✅ Email sent successfully! to prudvinathch@gmail.com
2025-10-05 21:02:05.339273 ✅ Email sent successfully! to ravillaleelasai6642@gmail.com
2025-10-05 21:02:10.221773 ✅ Email sent successfully! to garabhargav@gmail.com
2025-10-05 21:02:15.243070 ✅ Email sent successfully! to sasidharreddyyennam@gmail.com
2025-10-05 21:02:21.287177 ✅ Email sent successfully! to venkatsatavahana@gmail.com
2025-10-05 21:02:26.505081 ✅ Email sent successfully! to suryareddy89143@gmail.com
2025-10-05 21:02:31.337162 ✅ Email sent successfully! to vpk9611@gmail.com
2025-10-05 21:02:36.383446 ✅ Email sent successfully! to debralloyd.51665@gmail.com
sent all emails
Started Cron Job
2025-10-06 21:00:03.209885 ✅ Email sent successfully! to ganapavarapuanusha@gmail.com
2025-10-06 21:00:09.163815 ✅ Email sent successfully! to ihere5053@gmail.com
2025-10-06 21:00:14.299545 ✅ Email sent successfully! to jayaaditya2003@gmail.com
2025-10-06 21:00:19.106727 ✅ Email sent successfully! to uma83857@gmail.com
2025-10-06 21:00:24.226649 ✅ Email sent successfully! to prudvinathch@gmail.com
2025-10-06 21:00:29.041105 ✅ Email sent successfully! to ravillaleelasai6642@gmail.com
2025-10-06 21:00:34.160555 ✅ Email sent successfully! to garabhargav@gmail.com
2025-10-06 21:00:39.399609 ✅ Email sent successfully! to sasidharreddyyennam@gmail.com
2025-10-06 21:00:44.767302 ✅ Email sent successfully! to venkatsatavahana@gmail.com
2025-10-06 21:00:50.234451 ✅ Email sent successfully! to suryareddy89143@gmail.com
2025-10-06 21:00:55.663029 ✅ Email sent successfully! to vpk9611@gmail.com
2025-10-06 21:01:00.939188 ✅ Email sent successfully! to debralloyd.51665@gmail.com
sent all emails
Started Cron Job
2025-10-07 21:00:03.324885 ✅ Email sent successfully! to ganapavarapuanusha@gmail.com
2025-10-07 21:00:08.472227 ✅ Email sent successfully! to ihere5053@gmail.com
2025-10-07 21:00:14.062833 ✅ Email sent successfully! to jayaaditya2003@gmail.com
2025-10-07 21:00:18.810607 ✅ Email sent successfully! to uma83857@gmail.com
2025-10-07 21:00:23.631463 ✅ Email sent successfully! to prudvinathch@gmail.com
2025-10-07 21:00:28.099052 ✅ Email sent successfully! to ravillaleelasai6642@gmail.com
2025-10-07 21:00:33.153121 ✅ Email sent successfully! to garabhargav@gmail.com
2025-10-07 21:00:37.570793 ✅ Email sent successfully! to sasidharreddyyennam@gmail.com
2025-10-07 21:00:42.260294 ✅ Email sent successfully! to venkatsatavahana@gmail.com
2025-10-07 21:00:47.065585 ✅ Email sent successfully! to suryareddy89143@gmail.com
2025-10-07 21:00:51.648557 ✅ Email sent successfully! to vpk9611@gmail.com
2025-10-07 21:00:56.700519 ✅ Email sent successfully! to debralloyd.51665@gmail.com
sent all emails
